<?xml version="1.0" encoding="UTF-8"?>
<!-- Generated by org.testng.reporters.JUnitXMLReporter -->
<testsuite hostname="Ty_Nguyen" name="Login BeeCow on Chrome" tests="34" failures="0" timestamp="22 May 2019 09:44:33 GMT" time="205.332" errors="0">
  <testcase name="TC_01_LoginEmptyEmailAndPassWord" time="1.397" classname="com.beecow.testcase.LoginScript"/>
  <testcase name="TC_02_LoginWrongSDT" time="0.347" classname="com.beecow.testcase.LoginScript"/>
  <testcase name="TC_03_LoginWrongEmail" time="0.349" classname="com.beecow.testcase.LoginScript"/>
  <testcase name="TC_04_LogincorrectEmailBlankPassword" time="0.458" classname="com.beecow.testcase.LoginScript"/>
  <testcase name="TC_05_LogincorrectEmailPasswordNotEnoughtCharracter" time="0.284" classname="com.beecow.testcase.LoginScript"/>
  <testcase name="TC_06_LogincorrectEmailWrongPassword" time="0.762" classname="com.beecow.testcase.LoginScript"/>
  <testcase name="TC_07_LoginCorrectEmailSdtAndPassword" time="6.25" classname="com.beecow.testcase.LoginScript"/>
  <testcase name="TC_08_VerifyCurrentUrL" time="0.08" classname="com.beecow.testcase.CreateProductScript"/>
  <testcase name="TC_09_DontInputFieldAndPost" time="2.068" classname="com.beecow.testcase.CreateProductScript"/>
  <testcase name="TC_10_OnlyUploadImgAndPost" time="1.864" classname="com.beecow.testcase.CreateProductScript"/>
  <testcase name="TC_11_OnlyUploadImgAndNameproduct" time="1.85" classname="com.beecow.testcase.CreateProductScript"/>
  <testcase name="TC_12_PostWithUploadImgAndNameproductAndClickRandomCategory1" time="2.872" classname="com.beecow.testcase.CreateProductScript"/>
  <testcase name="TC_13_PostWithInputFieldValidToCategoryRandomProductName3" time="2.796" classname="com.beecow.testcase.CreateProductScript"/>
  <testcase name="TC_14_PostWithInputFieldValidToDescription" time="2.793" classname="com.beecow.testcase.CreateProductScript"/>
  <testcase name="TC_15_PostWithInputValidFieldToQuantity" time="3.585" classname="com.beecow.testcase.CreateProductScript"/>
  <testcase name="TC_16PostWithInputValidFieldToPrice" time="2.92" classname="com.beecow.testcase.CreateProductScript"/>
  <testcase name="TC_17_PostValidFieldToWeightButSmallerRange" time="3.805" classname="com.beecow.testcase.CreateProductScript"/>
  <testcase name="TC_18PostValidFieldToWeightButBiggerRange" time="3.063" classname="com.beecow.testcase.CreateProductScript"/>
  <testcase name="TC_19_PostValidFieldToWeightButWeightMin" time="3.202" classname="com.beecow.testcase.CreateProductScript"/>
  <testcase name="TC_20_PostAllFieldCorrectButBlankWidtLengthHeight" time="2.738" classname="com.beecow.testcase.CreateProductScript"/>
  <testcase name="TC_21_PostValidFieldToWidthButWidthSmallerRange" time="3.342" classname="com.beecow.testcase.CreateProductScript"/>
  <testcase name="TC_22_PostValidFieldToWidthButWidthBiggerRange" time="3.093" classname="com.beecow.testcase.CreateProductScript"/>
  <testcase name="TC_23_PostValidFieldToWidthWidthMinAndButBlankLengthHeight" time="3.643" classname="com.beecow.testcase.CreateProductScript"/>
  <testcase name="TC_24_PostValidFieldButBlankLengthHeight" time="3.071" classname="com.beecow.testcase.CreateProductScript"/>
  <testcase name="TC_25_PostValidFieldToLengthButLengthSmallerRange" time="3.949" classname="com.beecow.testcase.CreateProductScript"/>
  <testcase name="TC_26_PostValidFieldToLengthButLengthBiggerRange" time="3.188" classname="com.beecow.testcase.CreateProductScript"/>
  <testcase name="TC_27_PostValidFieldToLengthAndLenghtOne" time="3.524" classname="com.beecow.testcase.CreateProductScript"/>
  <testcase name="TC_28_PostValidFieldToLengthButBlankHeight" time="3.1" classname="com.beecow.testcase.CreateProductScript"/>
  <testcase name="TC_29_PostValidFieldToHeightButHeightSmallerRange" time="3.237" classname="com.beecow.testcase.CreateProductScript"/>
  <testcase name="TC_30_PostValidFieldToHeightButHeightBiggerRange" time="3.105" classname="com.beecow.testcase.CreateProductScript"/>
  <testcase name="TC_31_PostValidFieldToHeightAndHeightValua1" time="9.727" classname="com.beecow.testcase.CreateProductScript"/>
  <testcase name="TC_32_InputAllFieldCorrectButPriceProductNoDiscount" time="8.952" classname="com.beecow.testcase.CreateProductScript"/>
  <testcase name="TC_33_CreatProductSuccessfulAfterVerifyAllValueFieldDisplayProduct" time="29.621" classname="com.beecow.testcase.CreateProductScript"/>
  <testcase name="TC_34_CreatProductSuccessfulAfterEditAndVerifyPriceDisplayProductValue" time="21.02" classname="com.beecow.testcase.CreateProductScript"/>
</testsuite> <!-- Login BeeCow on Chrome -->
